2019-12-10 03:26:12<xml><ToUserName><![CDATA[gh_b139d6775954]]></ToUserName>
<FromUserName><![CDATA[o6HNJuBSxwuk-51-3jVlKGYsGZ5E]]></FromUserName>
<CreateTime>1575948372</CreateTime>
<MsgType><![CDATA[text]]></MsgType>
<Content><![CDATA[Q]]></Content>
<MsgId>22562157611126786</MsgId>
</xml>2019-12-10 03:26:27<xml><ToUserName><![CDATA[gh_b139d6775954]]></ToUserName>
<FromUserName><![CDATA[o6HNJuBSxwuk-51-3jVlKGYsGZ5E]]></FromUserName>
<CreateTime>1575948386</CreateTime>
<MsgType><![CDATA[event]]></MsgType>
<Event><![CDATA[unsubscribe]]></Event>
<EventKey><![CDATA[]]></EventKey>
</xml>2019-12-10 03:26:44<xml><ToUserName><![CDATA[gh_b139d6775954]]></ToUserName>
<FromUserName><![CDATA[o6HNJuBSxwuk-51-3jVlKGYsGZ5E]]></FromUserName>
<CreateTime>1575948404</CreateTime>
<MsgType><![CDATA[event]]></MsgType>
<Event><![CDATA[subscribe]]></Event>
<EventKey><![CDATA[]]></EventKey>
</xml>2019-12-10 06:42:34<xml><ToUserName><![CDATA[gh_b139d6775954]]></ToUserName>
<FromUserName><![CDATA[o6HNJuBSxwuk-51-3jVlKGYsGZ5E]]></FromUserName>
<CreateTime>1575960154</CreateTime>
<MsgType><![CDATA[text]]></MsgType>
<Content><![CDATA[Q]]></Content>
<MsgId>22562323423803769</MsgId>
</xml>2019-12-10 06:45:12<xml><ToUserName><![CDATA[gh_b139d6775954]]></ToUserName>
<FromUserName><![CDATA[o6HNJuBSxwuk-51-3jVlKGYsGZ5E]]></FromUserName>
<CreateTime>1575960312</CreateTime>
<MsgType><![CDATA[text]]></MsgType>
<Content><![CDATA[Q]]></Content>
<MsgId>22562329772346933</MsgId>
</xml>2019-12-10 06:45:47<xml><ToUserName><![CDATA[gh_b139d6775954]]></ToUserName>
<FromUserName><![CDATA[o6HNJuBSxwuk-51-3jVlKGYsGZ5E]]></FromUserName>
<CreateTime>1575960346</CreateTime>
<MsgType><![CDATA[text]]></MsgType>
<Content><![CDATA[你好]]></Content>
<MsgId>22562330310443031</MsgId>
</xml>2019-12-11 08:14:082019-12-11 08:16:132019-12-11 08:17:422019-12-11 08:18:392019-12-11 08:23:232019-12-11 08:25:51<xml><ToUserName><![CDATA[gh_b139d6775954]]></ToUserName>
<FromUserName><![CDATA[o6HNJuBSxwuk-51-3jVlKGYsGZ5E]]></FromUserName>
<CreateTime>1576052713</CreateTime>
<MsgType><![CDATA[event]]></MsgType>
<Event><![CDATA[subscribe]]></Event>
<EventKey><![CDATA[]]></EventKey>
</xml>
2019-12-11 08:29:02<xml><ToUserName><![CDATA[gh_b139d6775954]]></ToUserName>
<FromUserName><![CDATA[o6HNJuBSxwuk-51-3jVlKGYsGZ5E]]></FromUserName>
<CreateTime>1576052713</CreateTime>
<MsgType><![CDATA[event]]></MsgType>
<Event><![CDATA[subscribe]]></Event>
<EventKey><![CDATA[]]></EventKey>
</xml>
2019-12-11 08:29:07<xml><ToUserName><![CDATA[gh_b139d6775954]]></ToUserName>
<FromUserName><![CDATA[o6HNJuBSxwuk-51-3jVlKGYsGZ5E]]></FromUserName>
<CreateTime>1576052713</CreateTime>
<MsgType><![CDATA[event]]></MsgType>
<Event><![CDATA[subscribe]]></Event>
<EventKey><![CDATA[]]></EventKey>
</xml>
2019-12-11 08:30:10<xml><ToUserName><![CDATA[gh_b139d6775954]]></ToUserName>
<FromUserName><![CDATA[o6HNJuBSxwuk-51-3jVlKGYsGZ5E]]></FromUserName>
<CreateTime>1576052713</CreateTime>
<MsgType><![CDATA[event]]></MsgType>
<Event><![CDATA[subscribe]]></Event>
<EventKey><![CDATA[]]></EventKey>
</xml>
2019-12-11 08:32:18<xml><ToUserName><![CDATA[gh_b139d6775954]]></ToUserName>
<FromUserName><![CDATA[o6HNJuBSxwuk-51-3jVlKGYsGZ5E]]></FromUserName>
<CreateTime>1576052713</CreateTime>
<MsgType><![CDATA[event]]></MsgType>
<Event><![CDATA[subscribe]]></Event>
<EventKey><![CDATA[]]></EventKey>
</xml>
2019-12-11 08:33:46<xml><ToUserName><![CDATA[gh_b139d6775954]]></ToUserName>
<FromUserName><![CDATA[o6HNJuBSxwuk-51-3jVlKGYsGZ5E]]></FromUserName>
<CreateTime>1576052713</CreateTime>
<MsgType><![CDATA[event]]></MsgType>
<Event><![CDATA[subscribe]]></Event>
<EventKey><![CDATA[]]></EventKey>
</xml>
2019-12-11 08:36:44<xml><ToUserName><![CDATA[gh_b139d6775954]]></ToUserName>
<FromUserName><![CDATA[o6HNJuBSxwuk-51-3jVlKGYsGZ5E]]></FromUserName>
<CreateTime>1576052713</CreateTime>
<MsgType><![CDATA[event]]></MsgType>
<Event><![CDATA[subscribe]]></Event>
<EventKey><![CDATA[]]></EventKey>
</xml>
2019-12-11 08:40:42<xml><ToUserName><![CDATA[gh_b139d6775954]]></ToUserName>
<FromUserName><![CDATA[o6HNJuBSxwuk-51-3jVlKGYsGZ5E]]></FromUserName>
<CreateTime>1576052713</CreateTime>
<MsgType><![CDATA[event]]></MsgType>
<Event><![CDATA[subscribe]]></Event>
<EventKey><![CDATA[]]></EventKey>
</xml>
2019-12-11 08:41:55<xml><ToUserName><![CDATA[gh_b139d6775954]]></ToUserName>
<FromUserName><![CDATA[o6HNJuBSxwuk-51-3jVlKGYsGZ5E]]></FromUserName>
<CreateTime>1576052713</CreateTime>
<MsgType><![CDATA[event]]></MsgType>
<Event><![CDATA[subscribe]]></Event>
<EventKey><![CDATA[]]></EventKey>
</xml>
2019-12-11 08:44:04<xml><ToUserName><![CDATA[gh_b139d6775954]]></ToUserName>
<FromUserName><![CDATA[o6HNJuBSxwuk-51-3jVlKGYsGZ5E]]></FromUserName>
<CreateTime>1576052713</CreateTime>
<MsgType><![CDATA[event]]></MsgType>
<Event><![CDATA[subscribe]]></Event>
<EventKey><![CDATA[]]></EventKey>
</xml>
2019-12-11 08:47:38<xml><ToUserName><![CDATA[gh_b139d6775954]]></ToUserName>
<FromUserName><![CDATA[o6HNJuBSxwuk-51-3jVlKGYsGZ5E]]></FromUserName>
<CreateTime>1576052713</CreateTime>
<MsgType><![CDATA[event]]></MsgType>
<Event><![CDATA[subscribe]]></Event>
<EventKey><![CDATA[]]></EventKey>
</xml>
2019-12-11 10:03:53<xml><ToUserName><![CDATA[gh_b139d6775954]]></ToUserName>
<FromUserName><![CDATA[o6HNJuBSxwuk-51-3jVlKGYsGZ5E]]></FromUserName>
<CreateTime>1576052713</CreateTime>
<MsgType><![CDATA[event]]></MsgType>
<Event><![CDATA[subscribe]]></Event>
<EventKey><![CDATA[]]></EventKey>
</xml>
2019-12-11 10:04:36<xml><ToUserName><![CDATA[gh_b139d6775954]]></ToUserName>
<FromUserName><![CDATA[o6HNJuBSxwuk-51-3jVlKGYsGZ5E]]></FromUserName>
<CreateTime>1576052713</CreateTime>
<MsgType><![CDATA[event]]></MsgType>
<Event><![CDATA[subscribe]]></Event>
<EventKey><![CDATA[]]></EventKey>
</xml>
2019-12-11 10:23:57<xml><ToUserName><![CDATA[gh_b139d6775954]]></ToUserName>
<FromUserName><![CDATA[o6HNJuBSxwuk-51-3jVlKGYsGZ5E]]></FromUserName>
<CreateTime>1576052713</CreateTime>
<MsgType><![CDATA[event]]></MsgType>
<Event><![CDATA[subscribe]]></Event>
<EventKey><![CDATA[]]></EventKey>
</xml>
2019-12-11 12:26:09<xml><ToUserName><![CDATA[gh_b139d6775954]]></ToUserName>
<FromUserName><![CDATA[o6HNJuBSxwuk-51-3jVlKGYsGZ5E]]></FromUserName>
<CreateTime>1576052713</CreateTime>
<MsgType><![CDATA[event]]></MsgType>
<Event><![CDATA[subscribe]]></Event>
<EventKey><![CDATA[]]></EventKey>
</xml>
2019-12-11 12:26:36<xml><ToUserName><![CDATA[gh_b139d6775954]]></ToUserName>
<FromUserName><![CDATA[o6HNJuBSxwuk-51-3jVlKGYsGZ5E]]></FromUserName>
<CreateTime>1576052713</CreateTime>
<MsgType><![CDATA[event]]></MsgType>
<Event><![CDATA[subscribe]]></Event>
<EventKey><![CDATA[]]></EventKey>
</xml>
<<<<<<< HEAD
2019-12-12 08:18:20<xml><ToUserName><![CDATA[gh_b139d6775954]]></ToUserName>
=======
2019-12-12 08:13:08<xml><ToUserName><![CDATA[gh_b139d6775954]]></ToUserName>
<FromUserName><![CDATA[o6HNJuBSxwuk-51-3jVlKGYsGZ5E]]></FromUserName>
<CreateTime>1576109587</CreateTime>
<MsgType><![CDATA[text]]></MsgType>
<Content><![CDATA[1]]></Content>
<MsgId>22564462637790230</MsgId>
</xml>2019-12-12 08:15:44<xml><ToUserName><![CDATA[gh_b139d6775954]]></ToUserName>
>>>>>>> 71eaece52024e5438caa346d9a3fc79d96ccfe01
<FromUserName><![CDATA[o6HNJuBSxwuk-51-3jVlKGYsGZ5E]]></FromUserName>
<CreateTime>1576109744</CreateTime>
<MsgType><![CDATA[text]]></MsgType>
<Content><![CDATA[1]]></Content>
<MsgId>22564468715229432</MsgId>
<<<<<<< HEAD
</xml>2019-12-12 08:18:381
=======
</xml>2019-12-12 08:15:46<xml><ToUserName><![CDATA[gh_b139d6775954]]></ToUserName>
<FromUserName><![CDATA[o6HNJuBSxwuk-51-3jVlKGYsGZ5E]]></FromUserName>
<CreateTime>1576109746</CreateTime>
<MsgType><![CDATA[text]]></MsgType>
<Content><![CDATA[一]]></Content>
<MsgId>22564466262110867</MsgId>
</xml>2019-12-12 08:15:49<xml><ToUserName><![CDATA[gh_b139d6775954]]></ToUserName>
<FromUserName><![CDATA[o6HNJuBSxwuk-51-3jVlKGYsGZ5E]]></FromUserName>
<CreateTime>1576109748</CreateTime>
<MsgType><![CDATA[text]]></MsgType>
<Content><![CDATA[2]]></Content>
<MsgId>22564467433074990</MsgId>
</xml>
>>>>>>> 71eaece52024e5438caa346d9a3fc79d96ccfe01
2019-12-12 08:27:20<xml><ToUserName><![CDATA[gh_b139d6775954]]></ToUserName>
<FromUserName><![CDATA[o6HNJuBSxwuk-51-3jVlKGYsGZ5E]]></FromUserName>
<CreateTime>1576110440</CreateTime>
<MsgType><![CDATA[text]]></MsgType>
<Content><![CDATA[1]]></Content>
<MsgId>22564477092488487</MsgId>
</xml>2019-12-12 08:27:25<xml><ToUserName><![CDATA[gh_b139d6775954]]></ToUserName>
<FromUserName><![CDATA[o6HNJuBSxwuk-51-3jVlKGYsGZ5E]]></FromUserName>
<CreateTime>1576110445</CreateTime>
<MsgType><![CDATA[event]]></MsgType>
<Event><![CDATA[unsubscribe]]></Event>
<EventKey><![CDATA[]]></EventKey>
</xml>2019-12-12 08:27:26<xml><ToUserName><![CDATA[gh_b139d6775954]]></ToUserName>
<FromUserName><![CDATA[o6HNJuBSxwuk-51-3jVlKGYsGZ5E]]></FromUserName>
<CreateTime>1576110445</CreateTime>
<MsgType><![CDATA[event]]></MsgType>
<Event><![CDATA[subscribe]]></Event>
<EventKey><![CDATA[]]></EventKey>
</xml>2019-12-12 08:37:42<xml><ToUserName><![CDATA[gh_b139d6775954]]></ToUserName>
<FromUserName><![CDATA[o6HNJuBSxwuk-51-3jVlKGYsGZ5E]]></FromUserName>
<CreateTime>1576058259</CreateTime>
<MsgType><![CDATA[event]]></MsgType>
<Event><![CDATA[subscribe]]></Event>
<EventKey><![CDATA[]]></EventKey>
</xml>
